<?xml version="1.0" encoding="UTF-8"?>
<testng-results skipped="0" failed="0" total="2" passed="2">
  <reporter-output>
  </reporter-output>
  <suite name="com.platform.project.tests.HomePageTest" duration-ms="6075" started-at="2020-06-18T04:23:38Z" finished-at="2020-06-18T04:23:44Z">
    <groups>
    </groups>
    <test name="Command line test" duration-ms="6075" started-at="2020-06-18T04:23:38Z" finished-at="2020-06-18T04:23:44Z">
      <class name="com.platform.project.tests.HomePageTest">
        <test-method status="PASS" signature="setup()[pri:0, instance:com.platform.project.tests.HomePageTest@4cb2c100]" name="setup" is-config="true" duration-ms="3096" started-at="2020-06-17T23:23:38Z" finished-at="2020-06-17T23:23:41Z">
          <reporter-output>
          </reporter-output>
        </test-method> <!-- setup -->
        <test-method status="PASS" signature="checkHomePage()[pri:0, instance:com.platform.project.tests.HomePageTest@4cb2c100]" name="checkHomePage" duration-ms="53" started-at="2020-06-17T23:23:41Z" finished-at="2020-06-17T23:23:41Z">
          <reporter-output>
          </reporter-output>
        </test-method> <!-- checkHomePage -->
        <test-method status="PASS" signature="tearDown()[pri:0, instance:com.platform.project.tests.HomePageTest@4cb2c100]" name="tearDown" is-config="true" duration-ms="85" started-at="2020-06-17T23:23:41Z" finished-at="2020-06-17T23:23:41Z">
          <reporter-output>
          </reporter-output>
        </test-method> <!-- tearDown -->
        <test-method status="PASS" signature="setup()[pri:0, instance:com.platform.project.tests.HomePageTest@4cb2c100]" name="setup" is-config="true" duration-ms="1810" started-at="2020-06-17T23:23:41Z" finished-at="2020-06-17T23:23:43Z">
          <reporter-output>
          </reporter-output>
        </test-method> <!-- setup -->
        <test-method status="PASS" signature="loginFailure()[pri:0, instance:com.platform.project.tests.HomePageTest@4cb2c100]" name="loginFailure" duration-ms="919" started-at="2020-06-17T23:23:43Z" finished-at="2020-06-17T23:23:44Z">
          <reporter-output>
          </reporter-output>
        </test-method> <!-- loginFailure -->
        <test-method status="PASS" signature="tearDown()[pri:0, instance:com.platform.project.tests.HomePageTest@4cb2c100]" name="tearDown" is-config="true" duration-ms="89" started-at="2020-06-17T23:23:44Z" finished-at="2020-06-17T23:23:44Z">
          <reporter-output>
          </reporter-output>
        </test-method> <!-- tearDown -->
      </class> <!-- com.platform.project.tests.HomePageTest -->
    </test> <!-- Command line test -->
  </suite> <!-- com.platform.project.tests.HomePageTest -->
</testng-results>
